<html xmlns:string="xalan://java.lang.String" xmlns:lxslt="http://xml.apache.org/xslt">
<head>
<META http-equiv="Content-Type" content="text/html; charset=UTF-8">
<title>Unit Test Results: All Tests</title>
<link rel="stylesheet" type="text/css" title="Style" href="stylesheet.css">
</head>
<body onload="open('allclasses-frame.html','classListFrame')">
<h1>Unit Test Results.</h1>
<table width="100%">
<tr>
<td align="left"></td><td align="right">Designed for use with <a href="http://www.junit.org/">JUnit</a> and <a href="http://ant.apache.org/">Ant</a>.</td>
</tr>
</table>
<hr size="1">
<h2>All Tests</h2>
<table class="details" border="0" cellpadding="5" cellspacing="2" width="95%">
<tr valign="top">
<th>Class</th><th>Name</th><th>Status</th><th width="80%">Type</th><th nowrap>Time(s)</th>
</tr>
<tr valign="top" class="Error">
<td><a href="session_package/0_DelayedBag.html">DelayedBag</a></td><td><a name="Delayed_Bag_Part2"></a><a href="session_package/0_DelayedBag.html#Delayed_Bag_Part2">Delayed_Bag_Part2</a></td><td>Error</td><td>no such element: Unable to locate element: {"method":"xpath","selector":"//*[@id="nav"]/ion-page[3]/ion-navbar/div[2]/ion-buttons/button"}
  (Session info: chrome=51.0.2704.106)
  (Driver info: chromedriver=2.19.346078 (6f1f0cde889532d48ce8242342d0b84f94b114a1),platform=Windows NT 6.2 x86_64) (WARNING: The server did not provide any stacktrace information)
Command duration or timeout: 73 milliseconds
For documentation on this error, please visit: http://seleniumhq.org/exceptions/no_such_element.html
Build info: version: '2.48.2', revision: '41bccdd', time: '2015-10-09 19:59:12'
System info: host: 'Xone', ip: '192.168.1.105', os.name: 'Windows 8', os.arch: 'amd64', os.version: '6.2', java.version: '1.8.0_25'
Driver info: org.openqa.selenium.chrome.ChromeDriver
Capabilities [{applicationCacheEnabled=false, rotatable=false, mobileEmulationEnabled=false, chrome={userDataDir=C:\Users\Xone-pc\AppData\Local\Temp\scoped_dir7876_16666}, takesHeapSnapshot=true, databaseEnabled=false, handlesAlerts=true, hasTouchScreen=false, version=51.0.2704.106, platform=WIN8, browserConnectionEnabled=false, nativeEvents=true, acceptSslCerts=true, locationContextEnabled=true, webStorageEnabled=true, browserName=chrome, takesScreenshot=true, javascriptEnabled=true, cssSelectorsEnabled=true}]
Session ID: 3c0b0b17d652481c18554f7ff3489615
*** Element info: {Using=xpath, value=//*[@id="nav"]/ion-page[3]/ion-navbar/div[2]/ion-buttons/button}<br>
<br>
<code>org.openqa.selenium.NoSuchElementException: no such element: Unable to locate element: {"method":"xpath","selector":"//*[@id="nav"]/ion-page[3]/ion-navbar/div[2]/ion-buttons/button"}<br>  (Session info: chrome=51.0.2704.106)<br>  (Driver info: chromedriver=2.19.346078 (6f1f0cde889532d48ce8242342d0b84f94b114a1),platform=Windows NT 6.2 x86_64) (WARNING: The server did not provide any stacktrace information)<br>Command duration or timeout: 73 milliseconds<br>For documentation on this error, please visit: http://seleniumhq.org/exceptions/no_such_element.html<br>Build info: version: '2.48.2', revision: '41bccdd', time: '2015-10-09 19:59:12'<br>System info: host: 'Xone', ip: '192.168.1.105', os.name: 'Windows 8', os.arch: 'amd64', os.version: '6.2', java.version: '1.8.0_25'<br>Driver info: org.openqa.selenium.chrome.ChromeDriver<br>Capabilities [{applicationCacheEnabled=false, rotatable=false, mobileEmulationEnabled=false, chrome={userDataDir=C:\Users\Xone-pc\AppData\Local\Temp\scoped_dir7876_16666}, takesHeapSnapshot=true, databaseEnabled=false, handlesAlerts=true, hasTouchScreen=false, version=51.0.2704.106, platform=WIN8, browserConnectionEnabled=false, nativeEvents=true, acceptSslCerts=true, locationContextEnabled=true, webStorageEnabled=true, browserName=chrome, takesScreenshot=true, javascriptEnabled=true, cssSelectorsEnabled=true}]<br>Session ID: 3c0b0b17d652481c18554f7ff3489615<br>*** Element info: {Using=xpath, value=//*[@id="nav"]/ion-page[3]/ion-navbar/div[2]/ion-buttons/button}<br>	at java.lang.reflect.Constructor.newInstance(Unknown Source)<br>	at org.openqa.selenium.remote.ErrorHandler.createThrowable(ErrorHandler.java:206)<br>	at org.openqa.selenium.remote.ErrorHandler.throwIfResponseFailed(ErrorHandler.java:158)<br>	at org.openqa.selenium.remote.RemoteWebDriver.execute(RemoteWebDriver.java:647)<br>	at org.openqa.selenium.remote.RemoteWebDriver.findElement(RemoteWebDriver.java:353)<br>	at org.openqa.selenium.remote.RemoteWebDriver.findElementByXPath(RemoteWebDriver.java:490)<br>	at org.openqa.selenium.By$ByXPath.findElement(By.java:361)<br>	at org.openqa.selenium.remote.RemoteWebDriver.findElement(RemoteWebDriver.java:345)<br>	at session_package.DelayedBag.Delayed_Bag_Part2(DelayedBag.java:200)<br>
</code></td><td>0.120</td>
</tr>
<tr valign="top" class="Error">
<td><a href="session_package/0_DelayedBag.html">DelayedBag</a></td><td><a name="Delayed_Bag_Part1"></a><a href="session_package/0_DelayedBag.html#Delayed_Bag_Part1">Delayed_Bag_Part1</a></td><td>Error</td><td>no such element: Unable to locate element: {"method":"xpath","selector":"//*[@id='nav']/ion-page/ion-navbar/ion-buttons/button"}
  (Session info: chrome=51.0.2704.106)
  (Driver info: chromedriver=2.19.346078 (6f1f0cde889532d48ce8242342d0b84f94b114a1),platform=Windows NT 6.2 x86_64) (WARNING: The server did not provide any stacktrace information)
Command duration or timeout: 28 milliseconds
For documentation on this error, please visit: http://seleniumhq.org/exceptions/no_such_element.html
Build info: version: '2.48.2', revision: '41bccdd', time: '2015-10-09 19:59:12'
System info: host: 'Xone', ip: '192.168.1.105', os.name: 'Windows 8', os.arch: 'amd64', os.version: '6.2', java.version: '1.8.0_25'
Driver info: org.openqa.selenium.chrome.ChromeDriver
Capabilities [{applicationCacheEnabled=false, rotatable=false, mobileEmulationEnabled=false, chrome={userDataDir=C:\Users\Xone-pc\AppData\Local\Temp\scoped_dir7876_16666}, takesHeapSnapshot=true, databaseEnabled=false, handlesAlerts=true, hasTouchScreen=false, version=51.0.2704.106, platform=WIN8, browserConnectionEnabled=false, nativeEvents=true, acceptSslCerts=true, locationContextEnabled=true, webStorageEnabled=true, browserName=chrome, takesScreenshot=true, javascriptEnabled=true, cssSelectorsEnabled=true}]
Session ID: 3c0b0b17d652481c18554f7ff3489615
*** Element info: {Using=xpath, value=//*[@id='nav']/ion-page/ion-navbar/ion-buttons/button}<br>
<br>
<code>org.openqa.selenium.NoSuchElementException: no such element: Unable to locate element: {"method":"xpath","selector":"//*[@id='nav']/ion-page/ion-navbar/ion-buttons/button"}<br>  (Session info: chrome=51.0.2704.106)<br>  (Driver info: chromedriver=2.19.346078 (6f1f0cde889532d48ce8242342d0b84f94b114a1),platform=Windows NT 6.2 x86_64) (WARNING: The server did not provide any stacktrace information)<br>Command duration or timeout: 28 milliseconds<br>For documentation on this error, please visit: http://seleniumhq.org/exceptions/no_such_element.html<br>Build info: version: '2.48.2', revision: '41bccdd', time: '2015-10-09 19:59:12'<br>System info: host: 'Xone', ip: '192.168.1.105', os.name: 'Windows 8', os.arch: 'amd64', os.version: '6.2', java.version: '1.8.0_25'<br>Driver info: org.openqa.selenium.chrome.ChromeDriver<br>Capabilities [{applicationCacheEnabled=false, rotatable=false, mobileEmulationEnabled=false, chrome={userDataDir=C:\Users\Xone-pc\AppData\Local\Temp\scoped_dir7876_16666}, takesHeapSnapshot=true, databaseEnabled=false, handlesAlerts=true, hasTouchScreen=false, version=51.0.2704.106, platform=WIN8, browserConnectionEnabled=false, nativeEvents=true, acceptSslCerts=true, locationContextEnabled=true, webStorageEnabled=true, browserName=chrome, takesScreenshot=true, javascriptEnabled=true, cssSelectorsEnabled=true}]<br>Session ID: 3c0b0b17d652481c18554f7ff3489615<br>*** Element info: {Using=xpath, value=//*[@id='nav']/ion-page/ion-navbar/ion-buttons/button}<br>	at java.lang.reflect.Constructor.newInstance(Unknown Source)<br>	at org.openqa.selenium.remote.ErrorHandler.createThrowable(ErrorHandler.java:206)<br>	at org.openqa.selenium.remote.ErrorHandler.throwIfResponseFailed(ErrorHandler.java:158)<br>	at org.openqa.selenium.remote.RemoteWebDriver.execute(RemoteWebDriver.java:647)<br>	at org.openqa.selenium.remote.RemoteWebDriver.findElement(RemoteWebDriver.java:353)<br>	at org.openqa.selenium.remote.RemoteWebDriver.findElementByXPath(RemoteWebDriver.java:490)<br>	at org.openqa.selenium.By$ByXPath.findElement(By.java:361)<br>	at org.openqa.selenium.remote.RemoteWebDriver.findElement(RemoteWebDriver.java:345)<br>	at session_package.DelayedBag.Delayed_Bag_Part1(DelayedBag.java:61)<br>
</code></td><td>0.032</td>
</tr>
<tr valign="top" class="TableRowColor">
<td><a href="session_package/0_DelayedBag.html">DelayedBag</a></td><td><a name="Sign_in_User"></a><a href="session_package/0_DelayedBag.html#Sign_in_User">Sign_in_User</a></td><td>Success</td><td></td><td>9.541</td>
</tr>
<tr valign="top" class="TableRowColor">
<td><a href="session_package/1_ExternalLink.html">ExternalLink</a></td><td><a name="New_Conversion"></a><a href="session_package/1_ExternalLink.html#New_Conversion">New_Conversion</a></td><td>Success</td><td></td><td>3.713</td>
</tr>
<tr valign="top" class="TableRowColor">
<td><a href="session_package/1_ExternalLink.html">ExternalLink</a></td><td><a name="Search_Keyword"></a><a href="session_package/1_ExternalLink.html#Search_Keyword">Search_Keyword</a></td><td>Success</td><td></td><td>11.163</td>
</tr>
<tr valign="top" class="TableRowColor">
<td><a href="session_package/1_ExternalLink.html">ExternalLink</a></td><td><a name="Sign_in_User"></a><a href="session_package/1_ExternalLink.html#Sign_in_User">Sign_in_User</a></td><td>Success</td><td></td><td>12.765</td>
</tr>
</table>
</body>
</html>
